2023-01-15 02:02:07.538  INFO 1998 --- [main] c.p.s.SoftwareProjectApplication         : Starting SoftwareProjectApplication using Java 19.0.1 on MacBook-Pro with PID 1998 (/Users/mbpro/Documents/MyFiles/University/Graduation Project/SPORTER-main/SPORTER-Official-/target/classes started by mbpro in /Users/mbpro/Documents/MyFiles/University/Graduation Project/SPORTER-main/SPORTER-Official-)
2023-01-15 02:02:07.543  INFO 1998 --- [main] c.p.s.SoftwareProjectApplication         : No active profile set, falling back to 1 default profile: "default"
2023-01-15 02:02:08.676  INFO 1998 --- [main] .s.d.r.c.RepositoryConfigurationDelegate : Bootstrapping Spring Data JPA repositories in DEFAULT mode.
2023-01-15 02:02:08.732  INFO 1998 --- [main] .s.d.r.c.RepositoryConfigurationDelegate : Finished Spring Data repository scanning in 50 ms. Found 4 JPA repository interfaces.
2023-01-15 02:02:09.206  INFO 1998 --- [main] o.s.b.w.embedded.tomcat.TomcatWebServer  : Tomcat initialized with port(s): 8082 (http)
2023-01-15 02:02:09.213  INFO 1998 --- [main] o.apache.catalina.core.StandardService   : Starting service [Tomcat]
2023-01-15 02:02:09.213  INFO 1998 --- [main] org.apache.catalina.core.StandardEngine  : Starting Servlet engine: [Apache Tomcat/9.0.65]
2023-01-15 02:02:09.293  INFO 1998 --- [main] o.a.c.c.C.[Tomcat].[localhost].[/]       : Initializing Spring embedded WebApplicationContext
2023-01-15 02:02:09.293  INFO 1998 --- [main] w.s.c.ServletWebServerApplicationContext : Root WebApplicationContext: initialization completed in 1689 ms
2023-01-15 02:02:09.633  INFO 1998 --- [main] com.zaxxer.hikari.HikariDataSource       : HikariPool-1 - Starting...
2023-01-15 02:02:09.816  INFO 1998 --- [main] com.zaxxer.hikari.HikariDataSource       : HikariPool-1 - Start completed.
2023-01-15 02:02:09.856  INFO 1998 --- [main] o.hibernate.jpa.internal.util.LogHelper  : HHH000204: Processing PersistenceUnitInfo [name: default]
2023-01-15 02:02:09.897  INFO 1998 --- [main] org.hibernate.Version                    : HHH000412: Hibernate ORM core version 5.6.11.Final
2023-01-15 02:02:10.063  INFO 1998 --- [main] o.hibernate.annotations.common.Version   : HCANN000001: Hibernate Commons Annotations {5.1.2.Final}
2023-01-15 02:02:10.129  INFO 1998 --- [main] org.hibernate.dialect.Dialect            : HHH000400: Using dialect: org.hibernate.dialect.MySQL5InnoDBDialect
2023-01-15 02:02:10.666  INFO 1998 --- [main] o.h.e.t.j.p.i.JtaPlatformInitiator       : HHH000490: Using JtaPlatform implementation: [org.hibernate.engine.transaction.jta.platform.internal.NoJtaPlatform]
2023-01-15 02:02:10.672  INFO 1998 --- [main] j.LocalContainerEntityManagerFactoryBean : Initialized JPA EntityManagerFactory for persistence unit 'default'
2023-01-15 02:02:11.156  WARN 1998 --- [main] JpaBaseConfiguration$JpaWebConfiguration : spring.jpa.open-in-view is enabled by default. Therefore, database queries may be performed during view rendering. Explicitly configure spring.jpa.open-in-view to disable this warning
2023-01-15 02:02:11.658  INFO 1998 --- [main] o.s.b.a.e.web.EndpointLinksResolver      : Exposing 14 endpoint(s) beneath base path '/actuator'
2023-01-15 02:02:11.709  INFO 1998 --- [main] o.s.b.w.embedded.tomcat.TomcatWebServer  : Tomcat started on port(s): 8082 (http) with context path ''
2023-01-15 02:02:11.730  INFO 1998 --- [main] c.p.s.SoftwareProjectApplication         : Started SoftwareProjectApplication in 4.685 seconds (JVM running for 5.434)
2023-01-15 02:02:11.795  WARN 1998 --- [registrationTask1] d.c.b.a.c.r.ApplicationRegistrator       : Failed to register application as Application(name=SPORTER, managementUrl=http://macbook-pro:8082/actuator, healthUrl=http://macbook-pro:8082/actuator/health, serviceUrl=http://macbook-pro:8082/) at spring-boot-admin ([http://localhost:8080/instances]): I/O error on POST request for "http://localhost:8080/instances": Connection refused; nested exception is java.net.ConnectException: Connection refused. Further attempts are logged on DEBUG level
2023-01-15 02:02:12.241  INFO 1998 --- [RMI TCP Connection(1)-192.168.1.132] o.a.c.c.C.[Tomcat].[localhost].[/]       : Initializing Spring DispatcherServlet 'dispatcherServlet'
2023-01-15 02:02:12.242  INFO 1998 --- [RMI TCP Connection(1)-192.168.1.132] o.s.web.servlet.DispatcherServlet        : Initializing Servlet 'dispatcherServlet'
2023-01-15 02:02:12.244  INFO 1998 --- [RMI TCP Connection(1)-192.168.1.132] o.s.web.servlet.DispatcherServlet        : Completed initialization in 2 ms
2023-01-15 02:35:24.309  WARN 1998 --- [HikariPool-1 housekeeper] com.zaxxer.hikari.pool.HikariPool        : HikariPool-1 - Thread starvation or clock leap detected (housekeeper delta=25m14s317ms).
2023-01-15 03:14:24.865  WARN 1998 --- [HikariPool-1 housekeeper] com.zaxxer.hikari.pool.HikariPool        : HikariPool-1 - Thread starvation or clock leap detected (housekeeper delta=30m30s441ms).
2023-01-15 03:24:42.223  WARN 1998 --- [HikariPool-1 housekeeper] com.zaxxer.hikari.pool.HikariPool        : HikariPool-1 - Thread starvation or clock leap detected (housekeeper delta=10m17s359ms).
2023-01-15 05:14:01.920  WARN 1998 --- [HikariPool-1 housekeeper] com.zaxxer.hikari.pool.HikariPool        : HikariPool-1 - Thread starvation or clock leap detected (housekeeper delta=1m18s839ms).
2023-01-15 05:30:00.905  WARN 1998 --- [HikariPool-1 housekeeper] com.zaxxer.hikari.pool.HikariPool        : HikariPool-1 - Thread starvation or clock leap detected (housekeeper delta=15m28s945ms).
2023-01-15 05:34:00.918  WARN 1998 --- [HikariPool-1 housekeeper] com.zaxxer.hikari.pool.HikariPool        : HikariPool-1 - Thread starvation or clock leap detected (housekeeper delta=3m30s13ms).
2023-01-15 05:41:11.077  INFO 1998 --- [SpringApplicationShutdownHook] j.LocalContainerEntityManagerFactoryBean : Closing JPA EntityManagerFactory for persistence unit 'default'
2023-01-15 05:41:11.104  INFO 1998 --- [SpringApplicationShutdownHook] com.zaxxer.hikari.HikariDataSource       : HikariPool-1 - Shutdown initiated...
2023-01-15 05:41:11.129  INFO 1998 --- [SpringApplicationShutdownHook] com.zaxxer.hikari.HikariDataSource       : HikariPool-1 - Shutdown completed.
2023-01-15 17:29:30.605  INFO 1350 --- [main] c.p.s.SoftwareProjectApplication         : Starting SoftwareProjectApplication using Java 19.0.1 on MacBook-Pro with PID 1350 (/Users/mbpro/Documents/MyFiles/University/Graduation Project/SPORTER-main/SPORTER-Official-/target/classes started by mbpro in /Users/mbpro/Documents/MyFiles/University/Graduation Project/SPORTER-main/SPORTER-Official-)
2023-01-15 17:29:30.608  INFO 1350 --- [main] c.p.s.SoftwareProjectApplication         : No active profile set, falling back to 1 default profile: "default"
2023-01-15 17:29:31.698  INFO 1350 --- [main] .s.d.r.c.RepositoryConfigurationDelegate : Bootstrapping Spring Data JPA repositories in DEFAULT mode.
2023-01-15 17:29:31.749  INFO 1350 --- [main] .s.d.r.c.RepositoryConfigurationDelegate : Finished Spring Data repository scanning in 46 ms. Found 4 JPA repository interfaces.
2023-01-15 17:29:32.187  INFO 1350 --- [main] o.s.b.w.embedded.tomcat.TomcatWebServer  : Tomcat initialized with port(s): 8082 (http)
2023-01-15 17:29:32.195  INFO 1350 --- [main] o.apache.catalina.core.StandardService   : Starting service [Tomcat]
2023-01-15 17:29:32.195  INFO 1350 --- [main] org.apache.catalina.core.StandardEngine  : Starting Servlet engine: [Apache Tomcat/9.0.65]
2023-01-15 17:29:32.280  INFO 1350 --- [main] o.a.c.c.C.[Tomcat].[localhost].[/]       : Initializing Spring embedded WebApplicationContext
2023-01-15 17:29:32.280  INFO 1350 --- [main] w.s.c.ServletWebServerApplicationContext : Root WebApplicationContext: initialization completed in 1609 ms
2023-01-15 17:29:32.612  INFO 1350 --- [main] com.zaxxer.hikari.HikariDataSource       : HikariPool-1 - Starting...
2023-01-15 17:29:32.756  INFO 1350 --- [main] com.zaxxer.hikari.HikariDataSource       : HikariPool-1 - Start completed.
2023-01-15 17:29:32.792  INFO 1350 --- [main] o.hibernate.jpa.internal.util.LogHelper  : HHH000204: Processing PersistenceUnitInfo [name: default]
2023-01-15 17:29:32.827  INFO 1350 --- [main] org.hibernate.Version                    : HHH000412: Hibernate ORM core version 5.6.11.Final
2023-01-15 17:29:32.983  INFO 1350 --- [main] o.hibernate.annotations.common.Version   : HCANN000001: Hibernate Commons Annotations {5.1.2.Final}
2023-01-15 17:29:33.042  INFO 1350 --- [main] org.hibernate.dialect.Dialect            : HHH000400: Using dialect: org.hibernate.dialect.MySQL5InnoDBDialect
2023-01-15 17:29:33.536  INFO 1350 --- [main] o.h.e.t.j.p.i.JtaPlatformInitiator       : HHH000490: Using JtaPlatform implementation: [org.hibernate.engine.transaction.jta.platform.internal.NoJtaPlatform]
2023-01-15 17:29:33.542  INFO 1350 --- [main] j.LocalContainerEntityManagerFactoryBean : Initialized JPA EntityManagerFactory for persistence unit 'default'
2023-01-15 17:29:34.026  WARN 1350 --- [main] JpaBaseConfiguration$JpaWebConfiguration : spring.jpa.open-in-view is enabled by default. Therefore, database queries may be performed during view rendering. Explicitly configure spring.jpa.open-in-view to disable this warning
2023-01-15 17:29:34.517  INFO 1350 --- [main] o.s.b.a.e.web.EndpointLinksResolver      : Exposing 14 endpoint(s) beneath base path '/actuator'
2023-01-15 17:29:34.569  INFO 1350 --- [main] o.s.b.w.embedded.tomcat.TomcatWebServer  : Tomcat started on port(s): 8082 (http) with context path ''
2023-01-15 17:29:34.591  INFO 1350 --- [main] c.p.s.SoftwareProjectApplication         : Started SoftwareProjectApplication in 4.467 seconds (JVM running for 5.188)
2023-01-15 17:29:34.652  WARN 1350 --- [registrationTask1] d.c.b.a.c.r.ApplicationRegistrator       : Failed to register application as Application(name=SPORTER, managementUrl=http://macbook-pro:8082/actuator, healthUrl=http://macbook-pro:8082/actuator/health, serviceUrl=http://macbook-pro:8082/) at spring-boot-admin ([http://localhost:8080/instances]): I/O error on POST request for "http://localhost:8080/instances": Connection refused; nested exception is java.net.ConnectException: Connection refused. Further attempts are logged on DEBUG level
2023-01-15 17:29:34.807  INFO 1350 --- [RMI TCP Connection(3)-192.168.1.132] o.a.c.c.C.[Tomcat].[localhost].[/]       : Initializing Spring DispatcherServlet 'dispatcherServlet'
2023-01-15 17:29:34.807  INFO 1350 --- [RMI TCP Connection(3)-192.168.1.132] o.s.web.servlet.DispatcherServlet        : Initializing Servlet 'dispatcherServlet'
2023-01-15 17:29:34.809  INFO 1350 --- [RMI TCP Connection(3)-192.168.1.132] o.s.web.servlet.DispatcherServlet        : Completed initialization in 2 ms
2023-01-15 17:47:26.332  WARN 1350 --- [HikariPool-1 housekeeper] com.zaxxer.hikari.pool.HikariPool        : HikariPool-1 - Thread starvation or clock leap detected (housekeeper delta=2m53s394ms).
2023-01-15 18:56:06.756  WARN 1350 --- [HikariPool-1 housekeeper] com.zaxxer.hikari.pool.HikariPool        : HikariPool-1 - Thread starvation or clock leap detected (housekeeper delta=3m9s981ms).
2023-01-15 19:26:55.433  WARN 1350 --- [HikariPool-1 housekeeper] com.zaxxer.hikari.pool.HikariPool        : HikariPool-1 - Thread starvation or clock leap detected (housekeeper delta=30m48s677ms).
2023-01-15 19:32:38.312  INFO 1350 --- [SpringApplicationShutdownHook] j.LocalContainerEntityManagerFactoryBean : Closing JPA EntityManagerFactory for persistence unit 'default'
2023-01-15 19:32:38.315  INFO 1350 --- [SpringApplicationShutdownHook] com.zaxxer.hikari.HikariDataSource       : HikariPool-1 - Shutdown initiated...
2023-01-15 19:32:38.318  INFO 1350 --- [SpringApplicationShutdownHook] com.zaxxer.hikari.HikariDataSource       : HikariPool-1 - Shutdown completed.
2023-01-15 19:32:44.130  INFO 6157 --- [main] c.p.s.SoftwareProjectApplication         : Starting SoftwareProjectApplication using Java 19.0.1 on MacBook-Pro with PID 6157 (/Users/mbpro/Documents/MyFiles/University/Graduation Project/SPORTER-main/SPORTER-Official-/target/classes started by mbpro in /Users/mbpro/Documents/MyFiles/University/Graduation Project/SPORTER-main/SPORTER-Official-)
2023-01-15 19:32:44.132  INFO 6157 --- [main] c.p.s.SoftwareProjectApplication         : No active profile set, falling back to 1 default profile: "default"
2023-01-15 19:32:45.306  INFO 6157 --- [main] .s.d.r.c.RepositoryConfigurationDelegate : Bootstrapping Spring Data JPA repositories in DEFAULT mode.
2023-01-15 19:32:45.359  INFO 6157 --- [main] .s.d.r.c.RepositoryConfigurationDelegate : Finished Spring Data repository scanning in 48 ms. Found 4 JPA repository interfaces.
2023-01-15 19:32:45.823  INFO 6157 --- [main] o.s.b.w.embedded.tomcat.TomcatWebServer  : Tomcat initialized with port(s): 8082 (http)
2023-01-15 19:32:45.829  INFO 6157 --- [main] o.apache.catalina.core.StandardService   : Starting service [Tomcat]
2023-01-15 19:32:45.830  INFO 6157 --- [main] org.apache.catalina.core.StandardEngine  : Starting Servlet engine: [Apache Tomcat/9.0.65]
2023-01-15 19:32:45.912  INFO 6157 --- [main] o.a.c.c.C.[Tomcat].[localhost].[/]       : Initializing Spring embedded WebApplicationContext
2023-01-15 19:32:45.912  INFO 6157 --- [main] w.s.c.ServletWebServerApplicationContext : Root WebApplicationContext: initialization completed in 1713 ms
2023-01-15 19:32:46.256  INFO 6157 --- [main] com.zaxxer.hikari.HikariDataSource       : HikariPool-1 - Starting...
2023-01-15 19:32:46.399  INFO 6157 --- [main] com.zaxxer.hikari.HikariDataSource       : HikariPool-1 - Start completed.
2023-01-15 19:32:46.437  INFO 6157 --- [main] o.hibernate.jpa.internal.util.LogHelper  : HHH000204: Processing PersistenceUnitInfo [name: default]
2023-01-15 19:32:46.473  INFO 6157 --- [main] org.hibernate.Version                    : HHH000412: Hibernate ORM core version 5.6.11.Final
2023-01-15 19:32:46.630  INFO 6157 --- [main] o.hibernate.annotations.common.Version   : HCANN000001: Hibernate Commons Annotations {5.1.2.Final}
2023-01-15 19:32:46.689  INFO 6157 --- [main] org.hibernate.dialect.Dialect            : HHH000400: Using dialect: org.hibernate.dialect.MySQL5InnoDBDialect
2023-01-15 19:32:47.188  INFO 6157 --- [main] o.h.e.t.j.p.i.JtaPlatformInitiator       : HHH000490: Using JtaPlatform implementation: [org.hibernate.engine.transaction.jta.platform.internal.NoJtaPlatform]
2023-01-15 19:32:47.198  INFO 6157 --- [main] j.LocalContainerEntityManagerFactoryBean : Initialized JPA EntityManagerFactory for persistence unit 'default'
2023-01-15 19:32:47.688  WARN 6157 --- [main] JpaBaseConfiguration$JpaWebConfiguration : spring.jpa.open-in-view is enabled by default. Therefore, database queries may be performed during view rendering. Explicitly configure spring.jpa.open-in-view to disable this warning
2023-01-15 19:32:48.214  INFO 6157 --- [main] o.s.b.a.e.web.EndpointLinksResolver      : Exposing 14 endpoint(s) beneath base path '/actuator'
2023-01-15 19:32:48.269  INFO 6157 --- [main] o.s.b.w.embedded.tomcat.TomcatWebServer  : Tomcat started on port(s): 8082 (http) with context path ''
2023-01-15 19:32:48.290  INFO 6157 --- [main] c.p.s.SoftwareProjectApplication         : Started SoftwareProjectApplication in 4.589 seconds (JVM running for 5.28)
2023-01-15 19:32:48.349  WARN 6157 --- [registrationTask1] d.c.b.a.c.r.ApplicationRegistrator       : Failed to register application as Application(name=SPORTER, managementUrl=http://macbook-pro:8082/actuator, healthUrl=http://macbook-pro:8082/actuator/health, serviceUrl=http://macbook-pro:8082/) at spring-boot-admin ([http://localhost:8080/instances]): I/O error on POST request for "http://localhost:8080/instances": Connection refused; nested exception is java.net.ConnectException: Connection refused. Further attempts are logged on DEBUG level
2023-01-15 19:32:48.536  INFO 6157 --- [RMI TCP Connection(1)-192.168.1.132] o.a.c.c.C.[Tomcat].[localhost].[/]       : Initializing Spring DispatcherServlet 'dispatcherServlet'
2023-01-15 19:32:48.536  INFO 6157 --- [RMI TCP Connection(1)-192.168.1.132] o.s.web.servlet.DispatcherServlet        : Initializing Servlet 'dispatcherServlet'
2023-01-15 19:32:48.538  INFO 6157 --- [RMI TCP Connection(1)-192.168.1.132] o.s.web.servlet.DispatcherServlet        : Completed initialization in 2 ms
2023-01-15 19:35:26.921  INFO 6157 --- [SpringApplicationShutdownHook] j.LocalContainerEntityManagerFactoryBean : Closing JPA EntityManagerFactory for persistence unit 'default'
2023-01-15 19:35:26.924  INFO 6157 --- [SpringApplicationShutdownHook] com.zaxxer.hikari.HikariDataSource       : HikariPool-1 - Shutdown initiated...
2023-01-15 19:35:26.926  INFO 6157 --- [SpringApplicationShutdownHook] com.zaxxer.hikari.HikariDataSource       : HikariPool-1 - Shutdown completed.
2023-01-15 19:35:32.696  INFO 6315 --- [main] c.p.s.SoftwareProjectApplication         : Starting SoftwareProjectApplication using Java 19.0.1 on MacBook-Pro with PID 6315 (/Users/mbpro/Documents/MyFiles/University/Graduation Project/SPORTER-main/SPORTER-Official-/target/classes started by mbpro in /Users/mbpro/Documents/MyFiles/University/Graduation Project/SPORTER-main/SPORTER-Official-)
2023-01-15 19:35:32.698  INFO 6315 --- [main] c.p.s.SoftwareProjectApplication         : No active profile set, falling back to 1 default profile: "default"
2023-01-15 19:35:33.825  INFO 6315 --- [main] .s.d.r.c.RepositoryConfigurationDelegate : Bootstrapping Spring Data JPA repositories in DEFAULT mode.
2023-01-15 19:35:33.878  INFO 6315 --- [main] .s.d.r.c.RepositoryConfigurationDelegate : Finished Spring Data repository scanning in 48 ms. Found 4 JPA repository interfaces.
2023-01-15 19:35:34.322  INFO 6315 --- [main] o.s.b.w.embedded.tomcat.TomcatWebServer  : Tomcat initialized with port(s): 8082 (http)
2023-01-15 19:35:34.328  INFO 6315 --- [main] o.apache.catalina.core.StandardService   : Starting service [Tomcat]
2023-01-15 19:35:34.329  INFO 6315 --- [main] org.apache.catalina.core.StandardEngine  : Starting Servlet engine: [Apache Tomcat/9.0.65]
2023-01-15 19:35:34.408  INFO 6315 --- [main] o.a.c.c.C.[Tomcat].[localhost].[/]       : Initializing Spring embedded WebApplicationContext
2023-01-15 19:35:34.409  INFO 6315 --- [main] w.s.c.ServletWebServerApplicationContext : Root WebApplicationContext: initialization completed in 1651 ms
2023-01-15 19:35:34.742  INFO 6315 --- [main] com.zaxxer.hikari.HikariDataSource       : HikariPool-1 - Starting...
2023-01-15 19:35:34.883  INFO 6315 --- [main] com.zaxxer.hikari.HikariDataSource       : HikariPool-1 - Start completed.
2023-01-15 19:35:34.921  INFO 6315 --- [main] o.hibernate.jpa.internal.util.LogHelper  : HHH000204: Processing PersistenceUnitInfo [name: default]
2023-01-15 19:35:34.956  INFO 6315 --- [main] org.hibernate.Version                    : HHH000412: Hibernate ORM core version 5.6.11.Final
2023-01-15 19:35:35.115  INFO 6315 --- [main] o.hibernate.annotations.common.Version   : HCANN000001: Hibernate Commons Annotations {5.1.2.Final}
2023-01-15 19:35:35.175  INFO 6315 --- [main] org.hibernate.dialect.Dialect            : HHH000400: Using dialect: org.hibernate.dialect.MySQL5InnoDBDialect
2023-01-15 19:35:35.676  INFO 6315 --- [main] o.h.e.t.j.p.i.JtaPlatformInitiator       : HHH000490: Using JtaPlatform implementation: [org.hibernate.engine.transaction.jta.platform.internal.NoJtaPlatform]
2023-01-15 19:35:35.682  INFO 6315 --- [main] j.LocalContainerEntityManagerFactoryBean : Initialized JPA EntityManagerFactory for persistence unit 'default'
2023-01-15 19:35:36.161  WARN 6315 --- [main] JpaBaseConfiguration$JpaWebConfiguration : spring.jpa.open-in-view is enabled by default. Therefore, database queries may be performed during view rendering. Explicitly configure spring.jpa.open-in-view to disable this warning
2023-01-15 19:35:36.684  INFO 6315 --- [main] o.s.b.a.e.web.EndpointLinksResolver      : Exposing 14 endpoint(s) beneath base path '/actuator'
2023-01-15 19:35:36.737  INFO 6315 --- [main] o.s.b.w.embedded.tomcat.TomcatWebServer  : Tomcat started on port(s): 8082 (http) with context path ''
2023-01-15 19:35:36.760  INFO 6315 --- [main] c.p.s.SoftwareProjectApplication         : Started SoftwareProjectApplication in 4.481 seconds (JVM running for 5.185)
2023-01-15 19:35:36.848  WARN 6315 --- [registrationTask1] d.c.b.a.c.r.ApplicationRegistrator       : Failed to register application as Application(name=SPORTER, managementUrl=http://macbook-pro:8082/actuator, healthUrl=http://macbook-pro:8082/actuator/health, serviceUrl=http://macbook-pro:8082/) at spring-boot-admin ([http://localhost:8080/instances]): I/O error on POST request for "http://localhost:8080/instances": Connection refused; nested exception is java.net.ConnectException: Connection refused. Further attempts are logged on DEBUG level
2023-01-15 19:35:37.082  INFO 6315 --- [RMI TCP Connection(1)-192.168.1.132] o.a.c.c.C.[Tomcat].[localhost].[/]       : Initializing Spring DispatcherServlet 'dispatcherServlet'
2023-01-15 19:35:37.083  INFO 6315 --- [RMI TCP Connection(1)-192.168.1.132] o.s.web.servlet.DispatcherServlet        : Initializing Servlet 'dispatcherServlet'
2023-01-15 19:35:37.085  INFO 6315 --- [RMI TCP Connection(1)-192.168.1.132] o.s.web.servlet.DispatcherServlet        : Completed initialization in 2 ms
